{
  "RSpec": {
    "coverage": {
      "/Users/rahulsrivastava/codebase/rubyTraining/gameOfLife/lib/location.rb": [
        null,
        1,
        null,
        1,
        1,
        1,
        0,
        0,
        null,
        null,
        1,
        0,
        0,
        null,
        null,
        1,
        0,
        null,
        null,
        1,
        0,
        null,
        null,
        null,
        null,
        null,
        null,
        null,
        null,
        null,
        null,
        null,
        null
      ],
      "/Users/rahulsrivastava/codebase/rubyTraining/gameOfLife/lib/cell.rb": [
        null,
        1,
        null,
        1,
        null,
        1,
        1,
        null,
        null,
        1,
        0,
        null,
        null,
        1,
        1,
        2,
        null,
        null,
        1,
        1,
        null,
        null,
        1,
        1,
        null,
        null,
        1,
        1,
        null,
        null,
        null
      ]
    },
    "timestamp": 1434366816
  }
}
